0000000000000000 b _TLS_MODULE_BASE_
0000000000000000 a __start__
0000000000000000 T _start
0000000000000000 0000000000000004 b fsdev_last_result
0000000000000008 0000000000000401 B __nx_dev_path_buf
00000000000000e0 T __nx_exit
00000000000000f0 T __nx_mod0
0000000000000140 0000000000000034 T exit
0000000000000180 0000000000000070 T main
0000000000000200 t __do_global_dtors_aux
0000000000000260 t frame_dummy
0000000000000290 0000000000000018 t _appletInfiniteSleepLoop
00000000000002b0 0000000000000108 t _appletCmdGetSession
00000000000003c0 00000000000000cc t _appletCmdInU8NoOut
000000000000040c 0000000000000004 b g_fsPriority
0000000000000490 00000000000000cc t _appletCmdInU32NoOut
0000000000000560 000000000000012c t _appletGetSessionProxy.constprop.0
0000000000000690 0000000000000148 t _appletOpenLibraryAppletProxy.constprop.0
00000000000007e0 00000000000000f8 t _appletCmdGetEvent
00000000000008e0 00000000000000d4 t _appletCmdNoInOutU8.isra.0
00000000000009c0 00000000000000d4 t _appletCmdNoInOutU32.isra.0
0000000000000aa0 00000000000000d4 t _appletCmdNoInOutU64.isra.0
0000000000000b80 00000000000000c0 t _appletCmdNoIO.isra.0
0000000000000c40 0000000000000010 T appletGetAppletType
0000000000000c50 00000000000001b8 T appletSetFocusHandlingMode
0000000000000e10 000000000000005c T appletSetCpuBoostMode
0000000000000e70 000000000000002c T appletCreateManagedDisplayLayer
0000000000000ea0 000000000000000c T appletGetAppletResourceUserId
0000000000000eb0 0000000000000138 t _appletHolderCreateState
0000000000000ff0 00000000000000b0 T appletHolderClose
00000000000010a0 0000000000000024 T appletHolderGetLibraryAppletInfo
00000000000010d0 0000000000000090 T appletNotifyRunning
0000000000001160 0000000000000078 T appletSetGamePlayRecordingState
00000000000011e0 0000000000000ad4 t _appletCleanup
0000000000001cc0 0000000000000048 T appletExit
0000000000001d10 0000000000000040 T appletGetLibraryAppletInfo
0000000000001d50 0000000000000c14 T appletInitialize
0000000000002970 0000000000000024 t _appletExitProcess
00000000000029a0 0000000000000074 T appletGetMessage
0000000000002a20 0000000000000264 T appletProcessMessage
0000000000002c90 0000000000000034 T appletMainLoop
0000000000002cd0 00000000000000cc t _smCmifCmdInPid
0000000000002da0 0000000000000078 t _smCleanup
0000000000002e20 0000000000000048 T smAddOverrideHandle
0000000000002e70 0000000000000054 T smGetServiceOverride
0000000000002ed0 00000000000001ac T smInitialize
0000000000003080 0000000000000048 T smExit
00000000000030d0 00000000000000d0 T smGetServiceOriginal
00000000000031a0 0000000000000120 T smGetServiceWrapper
00000000000032c0 000000000000001c W diagAbortWithResult
00000000000032e0 0000000000000208 T envSetup
00000000000034f0 0000000000000020 T envGetMainThreadHandle
0000000000003510 000000000000000c T envIsNso
0000000000003520 0000000000000014 T envHasHeapOverride
0000000000003540 000000000000000c T envGetHeapOverrideAddr
0000000000003550 000000000000000c T envGetHeapOverrideSize
0000000000003560 0000000000000014 T envHasArgv
0000000000003580 000000000000000c T envGetArgv
0000000000003590 000000000000000c T envGetExitFuncPtr
00000000000035a0 000000000000000c T envSetExitFuncPtr
00000000000035b0 000000000000000c T envHasRandomSeed
00000000000035c0 0000000000000010 T envGetRandomSeed
00000000000035d0 0000000000000014 T hosversionGet
00000000000035f0 0000000000000010 T hosversionSet
0000000000003600 000000000000009c T padConfigureInput
00000000000036a0 0000000000000024 T padInitializeWithMask
00000000000036d0 0000000000000294 T padUpdate
0000000000003970 0000000000000048 t consoleDrawChar
00000000000039c0 000000000000021c t parseColor
0000000000003be0 00000000000000b4 t consoleNewRow
0000000000003ca0 0000000000000bf8 t con_write
00000000000048a0 0000000000000154 T consoleInit
0000000000004a00 0000000000000044 T consoleExit
0000000000004a50 000000000000002c T consoleUpdate
0000000000004a80 00000000000001bc t ConsoleSwRenderer_drawChar
0000000000004c40 00000000000000e8 t ConsoleSwRenderer_init
0000000000004d30 0000000000000078 t ConsoleSwRenderer_flushAndSwap
0000000000004db0 00000000000000d4 t ConsoleSwRenderer_scrollWindow
0000000000004e90 0000000000000050 t ConsoleSwRenderer_deinit
0000000000004ee0 000000000000000c W getDefaultConsoleRenderer
0000000000004eec T svcSetHeapSize
0000000000004f00 T svcSetMemoryPermission
0000000000004f08 T svcSetMemoryAttribute
0000000000004f10 T svcUnmapMemory
0000000000004f18 T svcQueryMemory
0000000000004f2c T svcExitProcess
0000000000004f34 T svcSleepThread
0000000000004f3c T svcMapSharedMemory
0000000000004f44 T svcUnmapSharedMemory
0000000000004f4c T svcCreateTransferMemory
0000000000004f60 T svcCloseHandle
0000000000004f68 T svcResetSignal
0000000000004f70 T svcWaitSynchronization
0000000000004f84 T svcArbitrateLock
0000000000004f8c T svcArbitrateUnlock
0000000000004f94 T svcWaitProcessWideKeyAtomic
0000000000004f9c T svcSignalProcessWideKey
0000000000004fa4 T svcConnectToNamedPort
0000000000004fb8 T svcSendSyncRequest
0000000000004fc0 T svcBreak
0000000000004fc8 T svcReturnFromException
0000000000004fd0 T svcGetInfo
0000000000004fe4 T svcUnmapTransferMemory
0000000000004ff0 000000000000000c T eventLoadRemote
0000000000005000 0000000000000034 T eventWait
0000000000005040 0000000000000054 T eventClose
00000000000050a0 00000000000000c8 T mutexLock
0000000000005170 0000000000000068 T mutexUnlock
00000000000051e0 000000000000001c T mutexIsLockedByCurrentThread
0000000000005200 0000000000000058 T rmutexLock
0000000000005260 000000000000001c T rmutexUnlock
0000000000005280 00000000000000a8 T tmemCreate
0000000000005330 0000000000000034 T tmemUnmap
0000000000005370 0000000000000030 T tmemCloseHandle
00000000000053a0 000000000000009c T tmemWaitForPermission
0000000000005440 0000000000000050 T tmemClose
0000000000005490 0000000000000064 t _memregionInitWithInfo
0000000000005500 0000000000000004 W __libnx_virtmem_rng
0000000000005510 0000000000000164 t _memregionFindRandom
0000000000005680 0000000000000140 T virtmemSetup
00000000000057c0 000000000000000c T virtmemLock
00000000000057d0 000000000000000c T virtmemUnlock
00000000000057e0 0000000000000050 T virtmemFindAslr
0000000000005830 000000000000057c T waitObjects
0000000000005db0 00000000000000d4 t _apmCleanup
0000000000005e90 0000000000000194 T apmInitialize
0000000000006030 0000000000000048 T apmExit
0000000000006080 00000000000000c8 T apmSetPerformanceConfiguration
0000000000006150 000000000000012c t _hidCleanup
0000000000006280 00000000000000d4 t _hidCmdInAruidNoOut
0000000000006360 00000000000000e0 t _hidCmdInU32AruidNoOut
0000000000006440 0000000000000194 t _hidGetStates
00000000000065e0 000000000000026c T hidInitialize
0000000000006850 0000000000000048 T hidExit
00000000000068a0 000000000000000c T hidGetSharedmemAddr
00000000000068b0 0000000000000090 T hidGetNpadStyleSet
0000000000006940 0000000000000084 T hidInitializeNpad
00000000000069d0 00000000000000a4 T hidGetNpadStatesFullKey
0000000000006a80 00000000000000a4 T hidGetNpadStatesHandheld
0000000000006b30 00000000000000a4 T hidGetNpadStatesJoyDual
0000000000006be0 00000000000000a4 T hidGetNpadStatesJoyLeft
0000000000006c90 00000000000000a4 T hidGetNpadStatesJoyRight
0000000000006d40 0000000000000144 T hidGetNpadStatesGc
0000000000006e90 00000000000000a8 T hidGetNpadStatesSystemExt
0000000000006f40 0000000000000008 T hidSetSupportedNpadStyleSet
0000000000006f50 0000000000000100 T hidSetSupportedNpadIdType
0000000000007050 000000000000000c T nwindowGetDefault
0000000000007060 00000000000000a4 T __nx_win_init
0000000000007110 0000000000000034 T __nx_win_exit
0000000000007150 000000000000008c T framebufferMakeLinear
00000000000071e0 0000000000000084 T framebufferClose
0000000000007270 0000000000000290 T framebufferCreate
0000000000007500 000000000000007c T framebufferBegin
0000000000007580 0000000000000190 T framebufferEnd
0000000000007710 0000000000000024 T nwindowIsValid
0000000000007740 000000000000007c T nwindowClose
00000000000077c0 00000000000000f8 T nwindowCreate
00000000000078c0 0000000000000038 T nwindowCreateFromLayer
0000000000007900 0000000000000084 T nwindowSetDimensions
0000000000007990 0000000000000180 T nwindowConfigureBuffer
0000000000007b10 00000000000001cc T nwindowDequeueBuffer
0000000000007ce0 000000000000012c T nwindowQueueBuffer
0000000000007e10 00000000000000bc T nwindowReleaseBuffers
0000000000007ed0 0000000000000004 W __libnx_alloc
0000000000007ee0 0000000000000014 W __libnx_aligned_alloc
0000000000007f00 0000000000000004 W __libnx_free
0000000000007f10 0000000000000314 W argvSetup
0000000000008230 00000000000001fc T __nx_dynamic
0000000000008430 00000000000000d0 W __libnx_initheap
0000000000008500 00000000000000ec W __appInit
00000000000085f0 0000000000000044 W __appExit
0000000000008640 000000000000002c W __libnx_init
0000000000008670 000000000000001c W __libnx_exit
0000000000008690 000000000000001c T __syscall_exit
00000000000086b0 0000000000000034 T __syscall_getreent
00000000000086f0 0000000000000004 T __syscall_lock_acquire
0000000000008700 0000000000000004 T __syscall_lock_release
0000000000008710 0000000000000004 T __syscall_lock_acquire_recursive
0000000000008720 0000000000000004 T __syscall_lock_release_recursive
0000000000008730 000000000000025c T __libnx_init_time
0000000000008990 0000000000000098 T newlibSetup
0000000000008a30 00000000000000e8 T nxlinkSetup
0000000000008b20 0000000000000010 t fsdev_link
0000000000008b30 0000000000000010 t fsdev_dirreset
0000000000008b40 0000000000000010 t fsdev_chmod
0000000000008b50 0000000000000018 t error_cmp
0000000000008b70 0000000000000020 t fsdev_dirclose
0000000000008b90 000000000000001c t fsdev_close
0000000000008bb0 0000000000000074 t fsdev_converttimetoutc
0000000000008c30 00000000000000d4 t fsdevFindDevice.part.0
0000000000008d10 00000000000001cc t fsdev_fixpath
0000000000008ee0 000000000000009c t _fsdevUnmountDeviceStruct.part.0
0000000000008f80 0000000000000010 t fsdev_fchmod
0000000000008f90 0000000000000100 t fsdev_diropen
0000000000009090 00000000000000f8 t fsdev_statvfs
0000000000009190 000000000000007c t fsdev_fsync
0000000000009210 00000000000000ec t fsdev_fstat
0000000000009300 0000000000000094 t fsdev_ftruncate
00000000000093a0 00000000000001d8 t fsdev_stat
0000000000009580 000000000000014c t fsdev_rename
00000000000096d0 000000000000013c t fsdev_chdir
0000000000009810 00000000000000a4 t fsdev_rmdir
00000000000098c0 00000000000000a4 t fsdev_mkdir
0000000000009970 00000000000000a4 t fsdev_unlink
0000000000009a20 000000000000013c t fsdev_write_safe
0000000000009b60 0000000000000134 t fsdev_read_safe
0000000000009ca0 0000000000000100 t fsdev_read
0000000000009da0 00000000000001d4 t fsdev_dirnext
0000000000009f80 0000000000000124 t fsdev_write
000000000000a0b0 0000000000000110 t fsdev_seek
000000000000a1c0 0000000000000230 t fsdev_open
000000000000a3f0 0000000000000324 T fsdevMountDevice
000000000000a720 0000000000000040 T fsdevMountSdmc
000000000000a760 00000000000000bc T __libnx_init_cwd
000000000000a820 0000000000000064 T fsdevUnmountAll
000000000000a890 0000000000000128 T decode_utf8
000000000000a9b8 T armDCacheFlush
000000000000a9e8 t armDCacheFlush_L0
000000000000aa04 W __libnx_exception_entry
000000000000aa90 t __libnx_exception_entry_start
000000000000abb8 t __libnx_exception_entry_abort
000000000000abbc t __libnx_exception_entry_end
000000000000abc4 T __libnx_exception_returnentry
000000000000abdc T __aarch64_read_tp
000000000000abf0 0000000000000070 T condvarWaitTimeout
000000000000ac60 0000000000000410 T randomGet
000000000000b070 0000000000000020 T randomGet64
000000000000b090 0000000000000014 T shmemLoadRemote
000000000000b0b0 0000000000000070 T shmemMap
000000000000b120 0000000000000034 T shmemUnmap
000000000000b160 000000000000004c T shmemClose
000000000000b1b0 00000000000000b0 T __libnx_init_thread
000000000000b260 00000000000000b4 t _fsCleanup
000000000000b320 00000000000001c0 t _fsCmdNoIO
000000000000b4e0 00000000000001e0 t _fsFsCmdWithInPath
000000000000b6c0 00000000000001f8 t _fsFsCmdWithTwoInPaths
000000000000b8c0 000000000000028c t _fsFsOpenCommon
000000000000bb50 00000000000001fc t _fsFsCmdWithInPathAndOutU64
000000000000bd50 00000000000000f8 t _fsObjectClose
000000000000be50 000000000000017c t _fsCmdGetSession.constprop.0
000000000000bfd0 00000000000002f8 T fsInitialize
000000000000c2d0 0000000000000048 T fsExit
000000000000c320 0000000000000008 T fsOpenSdCardFileSystem
000000000000c330 00000000000001ec T fsFsCreateFile
000000000000c520 0000000000000008 T fsFsDeleteFile
000000000000c530 0000000000000008 T fsFsCreateDirectory
000000000000c540 0000000000000008 T fsFsDeleteDirectory
000000000000c550 0000000000000008 T fsFsRenameFile
000000000000c560 0000000000000008 T fsFsRenameDirectory
000000000000c570 00000000000001f0 T fsFsGetEntryType
000000000000c760 0000000000000008 T fsFsOpenFile
000000000000c770 0000000000000008 T fsFsOpenDirectory
000000000000c780 0000000000000008 T fsFsGetFreeSpace
000000000000c790 0000000000000008 T fsFsGetTotalSpace
000000000000c7a0 0000000000000230 T fsFsGetFileTimeStampRaw
000000000000c9d0 0000000000000004 T fsFsClose
000000000000c9e0 0000000000000214 T fsFileRead
000000000000cc00 00000000000001f8 T fsFileWrite
000000000000ce00 0000000000000008 T fsFileFlush
000000000000ce10 00000000000001c0 T fsFileSetSize
000000000000ce10 00000000000001c0 t fsFileSetSize.localalias
000000000000cfd0 00000000000001d4 T fsFileGetSize
000000000000cfd0 00000000000001d4 t fsFileGetSize.localalias
000000000000d1b0 0000000000000004 T fsFileClose
000000000000d1c0 0000000000000004 T fsDirClose
000000000000d1d0 0000000000000204 T fsDirRead
000000000000d3e0 00000000000000d0 t _nvCleanup
000000000000d4b0 00000000000000d4 t _nvCmdInitialize.constprop.0
000000000000d590 0000000000000018 W __nx_nv_create_tmem
000000000000d5b0 00000000000003a8 T nvInitialize
000000000000d960 0000000000000048 T nvExit
000000000000d9b0 00000000000000f4 T nvConvertError
000000000000dab0 0000000000000114 T nvOpen
000000000000dbd0 0000000000000310 T nvIoctl
000000000000dee0 00000000000000d4 T nvClose
000000000000dfc0 000000000000010c T nvQueryEvent
000000000000e0d0 00000000000000d0 t _setsysGetFirmwareVersionImpl
000000000000e1a0 0000000000000078 t _setsysCleanup
000000000000e220 00000000000000a0 T setsysInitialize
000000000000e2c0 0000000000000048 T setsysExit
000000000000e310 0000000000000048 T setsysGetFirmwareVersion
000000000000e360 000000000000027c t _timeCleanup
000000000000e5e0 0000000000000100 t _timeCmdGetSession.constprop.0
000000000000e6e0 0000000000000104 t _timeReadClockFromSharedMem
000000000000e7f0 0000000000000300 T timeInitialize
000000000000eaf0 0000000000000048 T timeExit
000000000000eb40 0000000000000038 T timeGetServiceSession_SystemClock
000000000000eb80 00000000000000fc T timeGetCurrentTime
000000000000ec80 0000000000000108 T timeToCalendarTimeWithMyRule
000000000000ed90 0000000000000114 T timeToPosixTimeWithMyRule
000000000000eeb0 0000000000000230 t _viCleanup
000000000000f0e0 0000000000000100 t _viCmdGetSessionNoParams.constprop.0
000000000000f1e0 0000000000000368 T viInitialize
000000000000f550 0000000000000048 T viExit
000000000000f5a0 000000000000000c T viGetSession_IHOSBinderDriverRelay
000000000000f5b0 000000000000010c T viOpenDisplay
000000000000f6c0 00000000000000ec T viCloseDisplay
000000000000f7b0 00000000000000f4 T viCloseLayer
000000000000f8b0 0000000000000394 T viCreateLayer
000000000000fc50 00000000000000d8 T viSetLayerScalingMode
000000000000fd30 0000000000000074 t _nvFenceCleanup
000000000000fdb0 0000000000000098 T nvFenceInit
000000000000fe50 0000000000000048 T nvFenceExit
000000000000fea0 0000000000000290 T nvFenceWait
0000000000010130 000000000000007c T nvMultiFenceWait
00000000000101b0 00000000000000ac T nvMapInit
0000000000010260 0000000000000074 T nvMapExit
00000000000102e0 000000000000008c T nvMapClose
0000000000010370 0000000000000160 T nvMapCreate
00000000000104d0 0000000000000024 T nvioctlNvhostCtrl_EventSignal
0000000000010500 000000000000003c T nvioctlNvhostCtrl_EventWait
0000000000010540 0000000000000028 T nvioctlNvhostCtrl_EventWaitAsync
0000000000010570 0000000000000024 T nvioctlNvhostCtrl_EventRegister
00000000000105a0 0000000000000024 T nvioctlNvhostCtrl_EventUnregister
00000000000105d0 000000000000003c T nvioctlNvmap_Create
0000000000010610 0000000000000030 T nvioctlNvmap_Alloc
0000000000010640 0000000000000030 T nvioctlNvmap_Free
0000000000010670 000000000000003c T nvioctlNvmap_GetId
00000000000106b0 000000000000001c T binderCreate
00000000000106d0 000000000000035c T binderTransactParcel
0000000000010a30 00000000000000e8 T binderConvertErrorCode
0000000000010b20 0000000000000124 T binderAdjustRefcount
0000000000010c50 000000000000009c T binderInitSession
0000000000010cf0 000000000000005c T binderClose
0000000000010d50 0000000000000154 T binderGetNativeHandle
0000000000010eb0 00000000000000c8 T bqRequestBuffer
0000000000010f80 0000000000000128 T bqDequeueBuffer
00000000000110b0 00000000000000c8 T bqQueueBuffer
0000000000011180 0000000000000084 T bqCancelBuffer
0000000000011210 00000000000000d0 T bqConnect
00000000000112e0 0000000000000088 T bqDisconnect
0000000000011370 0000000000000194 T bqSetPreallocatedBuffer
0000000000011510 0000000000000030 T parcelCreate
0000000000011540 0000000000000174 T parcelTransact
00000000000116c0 0000000000000080 T parcelWriteData
0000000000011740 0000000000000088 T parcelReadData
00000000000117d0 0000000000000020 T parcelWriteInt32
00000000000117f0 0000000000000020 T parcelWriteUInt32
0000000000011810 000000000000007c T parcelWriteString16
0000000000011890 0000000000000030 T parcelWriteInterfaceToken
00000000000118c0 0000000000000024 T parcelReadInt32
00000000000118f0 0000000000000068 T parcelReadFlattenedObject
0000000000011960 0000000000000044 T parcelWriteFlattenedObject
00000000000119b0 0000000000000184 T sessionmgrCreate
0000000000011b40 0000000000000084 T sessionmgrClose
0000000000011bd0 00000000000000a8 T sessionmgrAttachClient
0000000000011c80 0000000000000060 T sessionmgrDetachClient
0000000000011d00 0000000000000104 T memset
0000000000011e20 0000000000000034 T setenv
0000000000011e80 0000000000000134 T strcmp
0000000000011fc0 00000000000001b4 T strncmp
0000000000012180 00000000000000dc T memchr
0000000000012260 000000000000001c t stdio_exit_handler
0000000000012280 000000000000006c t cleanup_stdio
0000000000012300 0000000000000134 t global_stdio_init.part.0
0000000000012440 000000000000000c T __sfp_lock_acquire
0000000000012460 000000000000000c T __sfp_lock_release
0000000000012480 0000000000000054 T __sinit
00000000000124e0 00000000000001a4 t _strtoul_l.isra.0
00000000000126a0 0000000000000034 T _strtoul_r
00000000000126e0 0000000000000040 T strtoul
0000000000012720 00000000000000a4 T __libc_init_array
00000000000127e0 0000000000000088 T strncat
0000000000012880 0000000000000098 T _fwalk_sglue
0000000000012920 00000000000000b4 T bsearch
00000000000129e0 0000000000000014 T __errno
0000000000012a00 000000000000002c T aligned_alloc
0000000000012a40 00000000000000d4 T _puts_r
0000000000012b20 000000000000001c T puts
0000000000012b40 000000000000022c T memcpy
0000000000012b40 T memmove
0000000000012d80 0000000000000840 T _malloc_r
00000000000135c0 000000000000011c T _malloc_trim_r
00000000000136e0 00000000000002d8 T _free_r
00000000000139c0 0000000000000038 T malloc
0000000000013a00 000000000000001c T free
0000000000013a20 0000000000000028 T gmtime
0000000000013a80 0000000000000130 T strlen
0000000000013bc0 00000000000000b8 T strnlen
0000000000013c80 000000000000000c T __malloc_lock
0000000000013ca0 000000000000000c T __malloc_unlock
0000000000013cc0 0000000000000258 T _setenv_r
0000000000013f20 0000000000000004 W __call_exitprocs
0000000000013f40 0000000000000278 T setvbuf
00000000000141c0 00000000000000ac T strncpy
0000000000014280 00000000000000b0 T sscanf
0000000000014340 00000000000004a4 T __sfvwrite_r
0000000000014800 000000000000004c T __sread
0000000000014860 0000000000000008 T __seofread
0000000000014880 0000000000000070 T __swrite
0000000000014900 0000000000000050 T __sseek
0000000000014960 0000000000000008 T __sclose
0000000000014980 000000000000000c T __env_lock
00000000000149a0 000000000000000c T __env_unlock
00000000000149c0 0000000000000130 T _fclose_r
0000000000014b00 00000000000002a0 T gmtime_r
0000000000014da0 000000000000018c T _memalign_r
0000000000014f40 00000000000000cc T strchr
0000000000015020 0000000000000044 T __libc_fini_array
0000000000015080 00000000000001ec T __sflush_r
0000000000015280 00000000000000bc T _fflush_r
0000000000015340 00000000000000b0 T __swhatbuf_r
0000000000015400 00000000000000e8 T __smakebuf_r
0000000000015500 00000000000000f4 T _findenv_r
0000000000015600 0000000000000568 T _realloc_r
0000000000015b68 0000000000000074 t get_arg
0000000000015bdc 0000000000003260 T __ssvfscanf_r
0000000000018e40 00000000000001a4 t _strtoull_l.isra.0
0000000000019000 0000000000000034 T _strtoull_r
0000000000019040 00000000000000d8 T _mbrtowc_r
0000000000019120 000000000000012c T __swsetup_r
0000000000019260 000000000000000c T nanf
0000000000019280 00000000000002c0 t _strtoll_l.isra.0
0000000000019540 0000000000000034 T _strtoll_r
0000000000019580 000000000000002c T __locale_mb_cur_max
00000000000195c0 0000000000000058 t sulp
0000000000019620 00000000000012f4 T _strtod_l
000000000001a920 0000000000000040 T _strtod_r
000000000001a960 00000000000000f0 T _sungetc_r
000000000001aa50 0000000000000070 T __ssrefill_r
000000000001aac0 00000000000000dc T _sfread_r
000000000001aba0 0000000000000110 t rshift
000000000001acc0 0000000000000860 T __gethex
000000000001b520 000000000000009c T sprintf
000000000001b5c0 00000000000002dc T __utf8_mbtowc
000000000001b8a0 0000000000000008 T iswspace
000000000001b8c0 0000000000000008 T __localeconv_l
000000000001b8e0 0000000000000028 T _localeconv_r
000000000001b920 000000000000002c T realloc
000000000001b94c 0000000000000790 t get_arg
000000000001c0dc 0000000000003a84 T _svfprintf_r
000000000001fb60 00000000000002c0 t _strtol_l.part.0
000000000001fe20 0000000000000070 T _strtol_r
000000000001fea0 00000000000000d0 T __sccl
000000000001ff80 00000000000000ac T stpncpy
0000000000020040 00000000000000e0 T __utf8_wctomb
0000000000020120 0000000000000010 T _wcsrtombs_r
0000000000020140 0000000000000048 T __match
00000000000201a0 000000000000025c T __hexnan
0000000000020400 000000000000000c T nan
0000000000020420 000000000000007c T frexp
00000000000204a0 0000000000000064 T __assert_func
0000000000020520 0000000000000048 T iswspace_l
0000000000020580 00000000000000a4 T _Balloc
0000000000020640 0000000000000020 T _Bfree
0000000000020660 0000000000000118 T __multadd
0000000000020780 0000000000000144 T __s2b
00000000000208e0 0000000000000094 T __hi0bits
0000000000020980 0000000000000100 T __lo0bits
0000000000020a80 000000000000004c T __i2b
0000000000020ae0 0000000000000210 T __multiply
0000000000020d00 0000000000000104 T __pow5mult
0000000000020e20 0000000000000174 T __lshift
0000000000020fa0 0000000000000050 T __mcmp
0000000000021000 00000000000001c4 T __mdiff
00000000000211e0 0000000000000084 T __ulp
0000000000021280 0000000000000168 T __b2d
0000000000021400 000000000000014c T __d2b
0000000000021560 00000000000000b0 T __ratio
0000000000021620 0000000000000074 T __copybits
00000000000216a0 0000000000000068 T __any_on
0000000000021720 00000000000000b8 T __submore
00000000000217e0 00000000000000c8 T __ssprint_r
00000000000218c0 0000000000000080 T fiprintf
0000000000021940 0000000000000188 T _wcsnrtombs_l
0000000000021ae0 0000000000000054 T _wcsnrtombs_r
0000000000021b40 0000000000000018 T abort
0000000000021b60 00000000000000bc T _calloc_r
0000000000021c20 00000000000001a4 t quorem
0000000000021de0 0000000000001320 T _dtoa_r
0000000000023100 00000000000000d0 T _wcrtomb_r
00000000000231e0 0000000000000084 T category
0000000000023280 0000000000000188 T __ssputs_r
0000000000023420 000000000000009c T _raise_r
00000000000234c0 000000000000001c T raise
00000000000234dc 0000000000000790 t get_arg
0000000000023c6c 0000000000002964 T _vfiprintf_r
00000000000265d0 00000000000000d0 t __sbprintf
00000000000266a0 0000000000000038 T __sprint_r
00000000000266e0 0000000000000020 T _exit
0000000000026700 000000000000016c T chdir
0000000000026880 0000000000000218 T _concatenate_path
0000000000026aa0 000000000000009c T _fstat_r
0000000000026b40 0000000000000010 T _getpid_r
0000000000026b60 0000000000000020 T __getreent
0000000000026b80 0000000000000060 T __get_handle
0000000000026be0 00000000000000f4 T _close_r
0000000000026ce0 0000000000000008 t null_write
0000000000026d00 0000000000000018 T setDefaultDevice
0000000000026d20 0000000000000110 T FindDevice
0000000000026e40 0000000000000034 T RemoveDevice
0000000000026e80 00000000000000c4 T AddDevice
0000000000026f60 0000000000000034 T GetDeviceOpTab
0000000000026fa0 0000000000000008 T _isatty_r
0000000000026fc0 0000000000000010 T _kill_r
0000000000026fe0 00000000000000a0 T _lseek_r
0000000000027080 00000000000000b0 T _read_r
0000000000027140 0000000000000078 W _sbrk_r
00000000000271c0 0000000000000014 T __libc_lock_acquire
00000000000271e0 0000000000000014 T __libc_lock_release
0000000000027200 0000000000000014 T __libc_lock_acquire_recursive
0000000000027220 0000000000000014 T __libc_lock_release_recursive
0000000000027240 00000000000000b0 T _write_r
0000000000027300 0000000000000134 t __extenddftf2
0000000000027440 0000000000000380 t __trunctfdf2
00000000000277c0 0000000000000070 t __sfp_handle_exceptions
0000000000027840 0000000000000104 T strrchr
0000000000027948 T _init
0000000000027980 T _fini
00000000000283d0 0000000000000014 r CSWTCH.1000
00000000000284d0 0000000000000018 r grayScale
00000000000284e8 0000000000000006 r colorCube
00000000000284f0 0000000000000030 r colorTable
0000000000028520 R default_font_bin
000000000002a520 R default_font_bin_end
000000000002a520 0000000000000038 r g_nvColorFmtTable
000000000002a558 0000000000000024 r s_emptyFence.0
000000000002a580 0000000000000020 r error_table
000000000002a630 0000000000000023 r g_bq_InterfaceDescriptor
000000000002a658 0000000000000101 R _ctype_
000000000002a8a0 0000000000000022 r basefix.0
000000000002a8c8 0000000000000014 r fpinan.0
000000000002a8e0 0000000000000014 r fpi.1
000000000002a900 0000000000000028 r tinytens
000000000002a958 0000000000000100 R __hexdig
000000000002ab50 0000000000000010 r zeroes.0
000000000002ab60 0000000000000010 r blanks.1
000000000002ab70 000000000000006c R __action_table
000000000002abe0 000000000000006c R __state_table
000000000002ac50 0000000000000100 R __chclass
000000000002ad50 000000000000000c r p05.0
000000000002ad60 0000000000000028 R __mprec_bigtens
000000000002ad88 00000000000000c8 R __mprec_tens
000000000002ae50 00000000000035dc r categories
000000000002e530 0000000000000010 r zeroes.0
000000000002e540 0000000000000010 r blanks.1
000000000002e550 r __tls_align
000000000002e558 r __EH_FRAME_BEGIN__
000000000002e558 r __eh_frame_hdr_end
000000000002e558 r __eh_frame_hdr_start
00000000000335f4 r __FRAME_END__
0000000000034000 d __frame_dummy_init_array_entry
0000000000034000 d __init_array_start
0000000000034000 d __preinit_array_end
0000000000034000 d __preinit_array_start
0000000000034000 d __relro_start
0000000000034008 d __do_global_dtors_aux_fini_array_entry
0000000000034008 d __fini_array_start
0000000000034008 d __init_array_end
0000000000034010 d __fini_array_end
0000000000034010 0000000000000100 d dotab_stdout
0000000000034110 0000000000000100 d fsdev_devoptab
0000000000034210 0000000000000100 D dotab_stdnull
0000000000034310 a _DYNAMIC
0000000000034460 a _GLOBAL_OFFSET_TABLE_
0000000000034460 d __got_start__
0000000000034700 d __got_end__
0000000000035000 d __data_start
0000000000035000 0000000000000008 V __nx_applet_init_timeout
0000000000035008 0000000000000001 V __nx_applet_auto_notifyrunning
000000000003500c 0000000000000004 V __nx_applet_type
0000000000035010 0000000000000008 d currentConsole
0000000000035018 0000000000000050 d defaultConsole
0000000000035068 0000000000000088 d s_consoleSwRenderer
00000000000350f0 0000000000000008 V __nx_exception_stack_size
00000000000350f8 0000000000000001 V __nx_fsdev_support_cwd
00000000000350fc 0000000000000004 V __nx_fsdev_direntry_cache_size
0000000000035100 0000000000000004 V __nx_fs_num_sessions
0000000000035104 0000000000000004 V __nx_nv_transfermem_size
0000000000035108 0000000000000004 V __nx_nv_service_type
000000000003510c 0000000000000004 d g_viServiceType
0000000000035110 0000000000000004 V __nx_vi_stray_layer_flags
0000000000035114 0000000000000004 d g_ctrl_fd
0000000000035118 0000000000000004 d g_nvmap_fd
0000000000035120 0000000000000018 D __sglue
0000000000035138 0000000000000008 D __malloc_sbrk_base
0000000000035140 0000000000000008 D __malloc_trim_threshold
0000000000035148 0000000000000810 D __malloc_av_
0000000000035958 0000000000000008 D _impure_ptr
0000000000035960 0000000000000180 D _impure_data
0000000000035ae0 0000000000000008 D environ
0000000000035ae8 00000000000001a8 D __global_locale
0000000000035c90 0000000000000400 d _current_working_directory
00000000000360a0 0000000000002000 d handles
00000000000380a0 0000000000000010 d __stderr_handle
00000000000380b0 0000000000000010 d __stdout_handle
00000000000380c0 0000000000000010 d __stdin_handle
00000000000380d0 0000000000000118 D devoptab_list
00000000000381e8 0000000000000004 d defaultDevice
00000000000381f0 b __bss_start__
00000000000381f0 d __tdata_lma
00000000000381f0 d __tdata_lma_end
00000000000381f0 b completed.1
00000000000381f8 b object.0
0000000000038228 0000000000000008 b g_appletGuard
0000000000038230 0000000000000001 b g_appletInfoInitialized
0000000000038238 0000000000000050 b g_appletInfo
0000000000038288 0000000000000004 b g_appletCpuBoostMode
0000000000038290 000000000000000c b g_appletLibraryAppletLaunchableEvent
000000000003829c 0000000000000001 b g_appletSuspendedTickInitialized
00000000000382a0 0000000000000008 b g_appletSuspendedTick
00000000000382a8 0000000000000008 b g_appletInitTickBase
00000000000382b0 000000000000000c b g_appletSuspendedTickEvent
00000000000382bc 0000000000000001 b g_appletCopyrightInitialized
00000000000382c0 0000000000000028 b g_appletCopyrightTmem
00000000000382e8 0000000000000004 b g_appletRecordingInitialized
00000000000382f0 0000000000000028 b g_appletRecordingTmem
0000000000038318 0000000000000018 b g_appletFirstHook
0000000000038330 0000000000000001 b g_appletNotifiedRunning
0000000000038331 0000000000000001 b g_appletFocusState
0000000000038334 0000000000000004 b g_appletPerformanceMode
0000000000038338 0000000000000001 b g_appletOperationMode
0000000000038340 0000000000000008 b g_appletResourceUserId
0000000000038348 000000000000000c b g_appletMessageEvent
0000000000038358 0000000000000010 b g_appletIDebugFunctions
0000000000038368 0000000000000010 b g_appletIDisplayController
0000000000038378 0000000000000010 b g_appletIAudioController
0000000000038388 0000000000000010 b g_appletIWindowController
0000000000038398 0000000000000010 b g_appletISelfController
00000000000383a8 0000000000000010 b g_appletICommonStateGetter
00000000000383b8 0000000000000010 b g_appletILibraryAppletCreator
00000000000383c8 0000000000000010 b g_appletIProcessWindingController
00000000000383d8 0000000000000010 b g_appletILibraryAppletSelfAccessor
00000000000383e8 0000000000000010 b g_appletIApplicationCreator
00000000000383f8 0000000000000010 b g_appletIGlobalStateController
0000000000038408 0000000000000010 b g_appletIFunctions
0000000000038418 0000000000000010 b g_appletIAppletCommonFunctions
0000000000038428 0000000000000004 b g_appletExitProcessResult
000000000003842c 0000000000000001 b g_appletExitProcessFlag
000000000003842d 0000000000000001 b g_appletLeftInitialized
0000000000038430 0000000000000010 b g_appletProxySession
0000000000038440 0000000000000010 b g_appletSrv
0000000000038450 0000000000000004 V __nx_applet_exit_mode
0000000000038458 0000000000000008 V __nx_applet_PerformanceConfiguration
0000000000038460 0000000000000080 V __nx_applet_AppletAttribute
00000000000384e0 0000000000000008 b g_smGuard
00000000000384e8 0000000000000008 b g_smOverridesNum
00000000000384f0 0000000000000180 b g_smOverrides
0000000000038670 0000000000000010 b g_smSrv
0000000000038680 0000000000000008 b g_userIdStorage
0000000000038690 0000000000000010 b g_randomSeed
00000000000386a0 0000000000000001 b g_hasRandomSeed
00000000000386a4 0000000000000004 b g_lastLoadResult
00000000000386a8 0000000000000008 b g_nextLoadArgv
00000000000386b0 0000000000000008 b g_nextLoadPath
00000000000386b8 0000000000000004 b g_processHandle
00000000000386c0 0000000000000018 b g_syscallHints
00000000000386d8 0000000000000008 b g_overrideArgv
00000000000386e0 0000000000000008 b g_overrideHeapSize
00000000000386e8 0000000000000008 b g_overrideHeapAddr
00000000000386f0 0000000000000008 b g_loaderRetAddr
00000000000386f8 0000000000000004 b g_mainThreadHandle
0000000000038700 0000000000000008 b g_loaderInfoSize
0000000000038708 0000000000000008 b g_loaderInfo
0000000000038710 0000000000000001 b g_isNso
0000000000038714 0000000000000004 b g_hosVersion
0000000000038718 0000000000000001 b didFirstConsoleInit.0
0000000000038720 0000000000000050 b currentCopy
0000000000038770 B __stack_top
0000000000038778 0000000000000001 b g_IsLegacyKernel
0000000000038780 0000000000000008 b g_Reservations
0000000000038790 0000000000000010 b g_StackRegion
00000000000387a0 0000000000000010 b g_AslrRegion
00000000000387b0 0000000000000010 b g_HeapRegion
00000000000387c0 0000000000000010 b g_AliasRegion
00000000000387d0 0000000000000004 b g_VirtmemMutex
00000000000387d8 0000000000000008 b g_apmGuard
00000000000387e0 0000000000000010 b g_apmISession
00000000000387f0 0000000000000010 b g_apmSrv
0000000000038800 0000000000000008 b g_hidGuard
0000000000038808 0000000000000008 b g_sevenSixAxisSensorBuffer
0000000000038810 0000000000000020 b g_hidSharedmem
0000000000038830 0000000000000010 b g_hidIActiveVibrationDeviceList
0000000000038840 0000000000000010 b g_hidIAppletResource
0000000000038850 0000000000000010 b g_hidSrv
0000000000038860 0000000000000080 b g_defaultWin
00000000000388e0 0000000000000010 b g_viLayer
00000000000388f0 0000000000000050 b g_viDisplay
0000000000038940 0000000000000008 b g_argv_empty
0000000000038948 0000000000000008 B __system_argv
0000000000038950 0000000000000004 B __system_argc
0000000000038960 0000000000000340 B __nx_exceptiondump
0000000000038ca0 0000000000000004 V __nx_exception_ignoredebug
0000000000038cb0 0000000000000400 V __nx_exception_stack
00000000000390b0 0000000000000008 V __nx_heap_size
00000000000390b8 0000000000000008 b __bootticks
00000000000390c0 0000000000000008 b __boottime
00000000000390c8 0000000000000004 V __nx_time_type
00000000000390d0 0000000000000004 B __nxlink_host
00000000000390e0 0000000000002800 b fsdev_fsdevices
000000000003b8e0 0000000000000004 b fsdev_fsdevice_cwd
000000000003b8e4 0000000000000001 b fsdev_initialised
000000000003b8e8 0000000000000004 b g_randMutex
000000000003b8ec 0000000000000001 b g_randInit
000000000003b8f0 0000000000000040 b g_chacha
000000000003b930 0000000000000038 b g_mainThread
000000000003b968 0000000000000008 b g_threadList
000000000003b970 0000000000000004 b g_threadMutex
000000000003b978 0000000000000008 b g_fsGuard
000000000003b980 0000000000000054 b g_fsSessionMgr
000000000003b9d8 0000000000000010 b g_fsSrv
000000000003b9e8 0000000000000008 b g_nvGuard
000000000003b9f0 0000000000000028 b g_nvTransfermem
000000000003ba18 0000000000000010 b g_nvSrvClone
000000000003ba28 0000000000000010 b g_nvSrv
000000000003ba38 0000000000000008 b g_setsysGuard
000000000003ba40 0000000000000010 b g_setsysSrv
000000000003ba50 0000000000000008 b g_timeGuard
000000000003ba58 0000000000000020 b g_timeSharedmem
000000000003ba78 0000000000000010 b g_timeLocalSystemClock
000000000003ba88 0000000000000010 b g_timeTimeZoneService
000000000003ba98 0000000000000010 b g_timeSteadyClock
000000000003baa8 0000000000000010 b g_timeNetworkSystemClock
000000000003bab8 0000000000000010 b g_timeUserSystemClock
000000000003bac8 0000000000000010 b g_timeSrv
000000000003bad8 0000000000000004 V __nx_time_service_type
000000000003bae0 0000000000000008 b g_viGuard
000000000003bae8 0000000000000010 b g_viIHOSBinderDriverIndirect
000000000003baf8 0000000000000010 b g_viIManagerDisplayService
000000000003bb08 0000000000000010 b g_viISystemDisplayService
000000000003bb18 0000000000000010 b g_viIHOSBinderDriverRelay
000000000003bb28 0000000000000010 b g_viIApplicationDisplayService
000000000003bb38 0000000000000010 b g_viRootService
000000000003bb48 0000000000000008 V __nx_vi_layer_id
000000000003bb50 0000000000000008 b g_nvFenceGuard
000000000003bb58 0000000000000300 b g_NvEvents
000000000003be58 0000000000000008 b g_NvEventUsedMask
000000000003be60 0000000000000008 b g_nvMapGuard
000000000003be68 000000000000000c b __sfp_recursive_mutex
000000000003be78 0000000000000228 B __sf
000000000003c0a0 0000000000000008 B __stdio_exit_handler
000000000003c0a8 0000000000000050 B __malloc_current_mallinfo
000000000003c0f8 0000000000000008 B __malloc_max_total_mem
000000000003c100 0000000000000008 B __malloc_max_sbrked_mem
000000000003c108 0000000000000008 B __malloc_top_pad
000000000003c110 000000000000000c b __malloc_recursive_mutex
000000000003c11c 0000000000000004 b alloced.0
000000000003c120 000000000000000c b __env_recursive_mutex
000000000003c130 0000000000000008 b initial_env
000000000003c140 0000000000000400 b temp_cwd
000000000003c540 0000000000000004 b __hndl_lock
000000000003c548 0000000000000008 B fake_heap_start
000000000003c550 0000000000000008 B fake_heap_end
000000000003c558 0000000000000008 b heap_start.0
000000000003c560 b __tls_start
000000000003c970 b __bss_end__
000000000003c970 b __end__
000000000003c970 b __tls_end
000000000003d000 b __argdata__
